<?xml version="1.0" encoding="UTF-8"?>
<!-- Generated by org.testng.reporters.JUnitReportReporter -->
<testsuite hostname="Test" failures="0" tests="3" name="GeneralStore.TestCases.TestExecution" time="21.420" errors="0" timestamp="2025-01-31T15:38:57 EET" skipped="0">
  <testcase classname="GeneralStore.TestCases.TestExecution" name="cartPage" time="1.723"/>
  <system-out/>
  <testcase classname="GeneralStore.TestCases.TestExecution" name="productCatalogue" time="10.144"/>
  <system-out/>
  <testcase classname="GeneralStore.TestCases.TestExecution" name="formPage" time="9.553"/>
  <system-out/>
</testsuite> <!-- GeneralStore.TestCases.TestExecution -->
