<?xml version="1.0" encoding="UTF-8"?>
<!-- Generated by org.testng.reporters.JUnitReportReporter -->
<testsuite hostname="DESKTOP-8VUSPTS" failures="0" tests="3" name="GeneralStore.TestCases.TestExecution" time="33.858" errors="0" timestamp="2024-12-02T17:27:15 EET" skipped="0">
  <testcase classname="GeneralStore.TestCases.TestExecution" name="cartPage" time="2.119"/>
  <testcase classname="GeneralStore.TestCases.TestExecution" name="formPage" time="16.464"/>
  <testcase classname="GeneralStore.TestCases.TestExecution" name="productCatalogue" time="15.275"/>
</testsuite> <!-- GeneralStore.TestCases.TestExecution -->
