<?xml version="1.0" encoding="UTF-8"?>
<!-- Generated by org.testng.reporters.JUnitReportReporter -->
<testsuite hostname="Test" failures="0" tests="3" name="GeneralStore.TestCases.TestExecution" time="20.038" errors="0" timestamp="2025-02-17T13:35:18 EET" skipped="0">
  <testcase classname="GeneralStore.TestCases.TestExecution" name="formPage" time="8.805"/>
  <testcase classname="GeneralStore.TestCases.TestExecution" name="cartPage" time="1.612"/>
  <testcase classname="GeneralStore.TestCases.TestExecution" name="productCatalogue" time="9.621"/>
</testsuite> <!-- GeneralStore.TestCases.TestExecution -->
