<?xml version="1.0" encoding="UTF-8"?>
<!-- Generated by org.testng.reporters.JUnitReportReporter -->
<testsuite hostname="DESKTOP-8VUSPTS" failures="0" tests="1" name="GeneralStore.TestCases.test" time="11.295" errors="0" timestamp="2024-09-30T14:54:20 EEST" skipped="0">
  <testcase classname="GeneralStore.TestCases.test" name="tests" time="11.295"/>
</testsuite> <!-- GeneralStore.TestCases.test -->
