<?xml version="1.0" encoding="UTF-8"?>
<!-- Generated by org.testng.reporters.JUnitReportReporter -->
<testsuite hostname="DESKTOP-8VUSPTS" failures="0" tests="3" name="GeneralStore.TestCases.TestExecution" time="34.645" errors="0" timestamp="2024-09-30T15:40:24 EEST" skipped="0">
  <testcase classname="GeneralStore.TestCases.TestExecution" name="FormPage_Test" time="15.371"/>
  <testcase classname="GeneralStore.TestCases.TestExecution" name="productCatalogue" time="16.286"/>
  <testcase classname="GeneralStore.TestCases.TestExecution" name="cartPage" time="2.988"/>
</testsuite> <!-- GeneralStore.TestCases.TestExecution -->
