<?xml version="1.0" encoding="UTF-8"?>
<!-- Generated by org.testng.reporters.JUnitReportReporter -->
<testsuite hostname="DESKTOP-8VUSPTS" failures="0" tests="3" name="GeneralStore.TestCases.TestExecution" time="32.682" errors="0" timestamp="2024-11-29T17:15:33 EET" skipped="0">
  <testcase classname="GeneralStore.TestCases.TestExecution" name="productCatalogue" time="16.355"/>
  <testcase classname="GeneralStore.TestCases.TestExecution" name="formPage" time="14.365"/>
  <testcase classname="GeneralStore.TestCases.TestExecution" name="cartPage" time="1.962"/>
</testsuite> <!-- GeneralStore.TestCases.TestExecution -->
