<?xml version="1.0" encoding="UTF-8"?>
<!-- Generated by org.testng.reporters.JUnitReportReporter -->
<testsuite hostname="DESKTOP-8VUSPTS" failures="0" tests="3" name="GeneralStore.TestCases.TestExecution" time="34.380" errors="0" timestamp="2024-10-14T15:44:45 EEST" skipped="0">
  <testcase classname="GeneralStore.TestCases.TestExecution" name="cartPage" time="1.821"/>
  <testcase classname="GeneralStore.TestCases.TestExecution" name="formPage" time="17.389"/>
  <testcase classname="GeneralStore.TestCases.TestExecution" name="productCatalogue" time="15.170"/>
</testsuite> <!-- GeneralStore.TestCases.TestExecution -->
