<?xml version="1.0" encoding="UTF-8"?>
<!-- Generated by org.testng.reporters.JUnitReportReporter -->
<testsuite hostname="DESKTOP-8VUSPTS" failures="0" tests="1" name="GeneralStore.AppiumProject.test" time="4.162" errors="0" timestamp="2024-09-27T14:47:43 EEST" skipped="0">
  <testcase classname="GeneralStore.AppiumProject.test" name="adw" time="4.162"/>
</testsuite> <!-- GeneralStore.AppiumProject.test -->
