<?xml version="1.0" encoding="UTF-8"?>
<!-- Generated by org.testng.reporters.JUnitReportReporter -->
<testsuite hostname="DESKTOP-8VUSPTS" failures="0" tests="1" name="GeneralStore.TestCases.FormPageTest" time="29.674" errors="0" timestamp="2024-09-30T11:53:40 EEST" skipped="0">
  <testcase classname="GeneralStore.TestCases.FormPageTest" name="FormPage_Test" time="29.674"/>
</testsuite> <!-- GeneralStore.TestCases.FormPageTest -->
