<?xml version="1.0" encoding="UTF-8"?>
<!-- Generated by org.testng.reporters.JUnitReportReporter -->
<testsuite hostname="DESKTOP-8VUSPTS" failures="0" tests="3" name="GeneralStore.TestCases.TestExecution" time="34.234" errors="0" timestamp="2024-11-01T13:19:04 EET" skipped="0">
  <testcase classname="GeneralStore.TestCases.TestExecution" name="formPage" time="15.743"/>
  <testcase classname="GeneralStore.TestCases.TestExecution" name="productCatalogue" time="16.229"/>
  <testcase classname="GeneralStore.TestCases.TestExecution" name="cartPage" time="2.262"/>
</testsuite> <!-- GeneralStore.TestCases.TestExecution -->
