<?xml version="1.0" encoding="UTF-8"?>
<!-- Generated by org.testng.reporters.JUnitReportReporter -->
<testsuite hostname="DESKTOP-8VUSPTS" failures="0" tests="3" name="GeneralStore.TestCases.TestExecution" time="31.174" errors="0" timestamp="2024-11-25T13:25:52 EET" skipped="0">
  <testcase classname="GeneralStore.TestCases.TestExecution" name="formPage" time="14.006"/>
  <testcase classname="GeneralStore.TestCases.TestExecution" name="productCatalogue" time="15.321"/>
  <testcase classname="GeneralStore.TestCases.TestExecution" name="cartPage" time="1.847"/>
</testsuite> <!-- GeneralStore.TestCases.TestExecution -->
