<?xml version="1.0" encoding="UTF-8"?>
<!-- Generated by org.testng.reporters.JUnitReportReporter -->
<testsuite hostname="Test" failures="0" tests="3" name="GeneralStore.TestCases.TestExecution" time="18.965" errors="0" timestamp="2024-12-13T13:22:08 EET" skipped="0">
  <testcase classname="GeneralStore.TestCases.TestExecution" name="productCatalogue" time="9.351"/>
  <system-out/>
  <testcase classname="GeneralStore.TestCases.TestExecution" name="cartPage" time="1.534"/>
  <system-out/>
  <testcase classname="GeneralStore.TestCases.TestExecution" name="formPage" time="8.080"/>
  <system-out/>
</testsuite> <!-- GeneralStore.TestCases.TestExecution -->
