<?xml version="1.0" encoding="UTF-8"?>
<!-- Generated by org.testng.reporters.JUnitReportReporter -->
<testsuite hostname="DESKTOP-8VUSPTS" failures="0" tests="3" name="GeneralStore.TestCases.TestExecution" time="32.336" errors="0" timestamp="2024-11-25T12:28:19 EET" skipped="0">
  <testcase classname="GeneralStore.TestCases.TestExecution" name="productCatalogue" time="16.070"/>
  <testcase classname="GeneralStore.TestCases.TestExecution" name="formPage" time="14.324"/>
  <testcase classname="GeneralStore.TestCases.TestExecution" name="cartPage" time="1.942"/>
</testsuite> <!-- GeneralStore.TestCases.TestExecution -->
