<?xml version="1.0" encoding="UTF-8"?>
<!-- Generated by org.testng.reporters.JUnitReportReporter -->
<testsuite hostname="DESKTOP-8VUSPTS" failures="0" tests="1" name="GeneralStore.TestCases.FormPageTest" time="17.615" errors="0" timestamp="2024-09-27T16:50:58 EEST" skipped="0">
  <testcase classname="GeneralStore.TestCases.FormPageTest" name="test" time="17.615"/>
</testsuite> <!-- GeneralStore.TestCases.FormPageTest -->
