<?xml version="1.0" encoding="UTF-8"?>
<!-- Generated by org.testng.reporters.JUnitReportReporter -->
<testsuite hostname="DESKTOP-8VUSPTS" failures="0" tests="3" name="GeneralStore.TestCases.TestExecution" time="37.561" errors="0" timestamp="2024-11-27T14:20:39 EET" skipped="0">
  <testcase classname="GeneralStore.TestCases.TestExecution" name="cartPage" time="2.111"/>
  <testcase classname="GeneralStore.TestCases.TestExecution" name="formPage" time="18.405"/>
  <testcase classname="GeneralStore.TestCases.TestExecution" name="productCatalogue" time="17.045"/>
</testsuite> <!-- GeneralStore.TestCases.TestExecution -->
