<?xml version="1.0" encoding="UTF-8"?>
<!-- Generated by org.testng.reporters.JUnitReportReporter -->
<testsuite hostname="DESKTOP-8VUSPTS" failures="0" tests="1" name="GeneralStore.PageObject.test" time="4.104" errors="0" timestamp="2024-09-27T14:55:51 EEST" skipped="0">
  <testcase classname="GeneralStore.PageObject.test" name="adw" time="4.104"/>
</testsuite> <!-- GeneralStore.PageObject.test -->
