<?xml version="1.0" encoding="UTF-8"?>
<!-- Generated by org.testng.reporters.JUnitReportReporter -->
<testsuite hostname="Test" failures="0" tests="3" name="GeneralStore.TestCases.TestExecution" time="18.830" errors="0" timestamp="2025-01-13T10:22:32 EET" skipped="0">
  <testcase classname="GeneralStore.TestCases.TestExecution" name="cartPage" time="0.359"/>
  <testcase classname="GeneralStore.TestCases.TestExecution" name="productCatalogue" time="10.795"/>
  <testcase classname="GeneralStore.TestCases.TestExecution" name="formPage" time="7.676"/>
</testsuite> <!-- GeneralStore.TestCases.TestExecution -->
