<?xml version="1.0" encoding="UTF-8"?>
<!-- Generated by org.testng.reporters.JUnitReportReporter -->
<testsuite hostname="Test" failures="0" tests="3" name="GeneralStore.TestCases.TestExecution" time="19.524" errors="0" timestamp="2025-01-27T10:22:09 EET" skipped="0">
  <testcase classname="GeneralStore.TestCases.TestExecution" name="formPage" time="7.777"/>
  <testcase classname="GeneralStore.TestCases.TestExecution" name="productCatalogue" time="10.106"/>
  <testcase classname="GeneralStore.TestCases.TestExecution" name="cartPage" time="1.641"/>
</testsuite> <!-- GeneralStore.TestCases.TestExecution -->
