<?xml version="1.0" encoding="UTF-8"?>
<!-- Generated by org.testng.reporters.JUnitReportReporter -->
<testsuite hostname="DESKTOP-8VUSPTS" failures="0" tests="3" name="GeneralStore.TestCases.TestExecution" time="32.316" errors="0" timestamp="2024-12-02T17:28:39 EET" skipped="0">
  <testcase classname="GeneralStore.TestCases.TestExecution" name="formPage" time="14.984"/>
  <testcase classname="GeneralStore.TestCases.TestExecution" name="cartPage" time="1.990"/>
  <testcase classname="GeneralStore.TestCases.TestExecution" name="productCatalogue" time="15.342"/>
</testsuite> <!-- GeneralStore.TestCases.TestExecution -->
